2021-09-28T19:55:11.353653-05:00 - input args["target/release/comp_profiler", "../UCRArchive2018/Kernel/randomwalkdatasample1k-40k", "scaled-slice", "10000", "1.1509"]
2021-09-28T19:56:33.776745-05:00 - input args["target/release/comp_profiler", "/Users/chunwei/research/TimeSeriesDB/UCRArchive2018/Kernel/randomwalkdatasample1k-40k", "scaled-slice", "10000", "1.1509"]
2021-09-28T19:56:37.971461-05:00 - min value:-50669
2021-09-28T19:56:38.114116-05:00 - 10th vec: 55217,56726,61846,61933
2021-09-28T19:56:38.114233-05:00 - Number of bits: 18
2021-09-28T19:56:38.114247-05:00 - 10th vec: 55217,56726,61846,61933
2021-09-28T19:56:38.419546-05:00 - original size:320000000
2021-09-28T19:56:38.419600-05:00 - compressed size:120000009
2021-09-28T19:57:08.439045-05:00 - input args["target/release/comp_profiler", "/Users/chunwei/research/TimeSeriesDB/UCRArchive2018/Kernel/randomwalkdatasample1k-40k", "scaled-slice", "10000", "1.1509"]
2021-09-28T19:57:11.872387-05:00 - min value:-50669
2021-09-28T19:57:12.076374-05:00 - 10th vec: 55217,56726,61846,61933
2021-09-28T19:57:12.076509-05:00 - Number of bits: 18
2021-09-28T19:57:12.076564-05:00 - 10th vec: 55217,56726,61846,61933
2021-09-28T19:57:12.456335-05:00 - original size:320000000
2021-09-28T19:57:12.456388-05:00 - compressed size:120000009
2021-09-28T20:10:22.262342-05:00 - input args["target/release/comp_profiler", "/Users/chunwei/research/TimeSeriesDB/UCRArchive2018/Kernel/randomwalkdatasample1k-40k", "scaled-slice", "10000", "1.1509"]
2021-09-28T20:10:27.786286-05:00 - min value:-50669
2021-09-28T20:10:27.990707-05:00 - 10th vec: 55217,56726,61846,61933
2021-09-28T20:10:27.991928-05:00 - Number of bits: 18
2021-09-28T20:10:27.991958-05:00 - 10th vec: 55217,56726,61846,61933
2021-09-28T20:10:28.597118-05:00 - original size:320000000
2021-09-28T20:10:28.633278-05:00 - compressed size:120000009
2021-09-28T20:10:46.805438-05:00 - input args["target/release/comp_profiler", "/Users/chunwei/research/TimeSeriesDB/UCRArchive2018/Kernel/randomwalkdatasample1k-40k", "scaled-slice", "10000", "1.1509"]
2021-09-28T20:10:54.335557-05:00 - min value:-50669
2021-09-28T20:10:54.468294-05:00 - 10th vec: 55217,56726,61846,61933
2021-09-28T20:10:54.468444-05:00 - Number of bits: 18
2021-09-28T20:10:54.468465-05:00 - 10th vec: 55217,56726,61846,61933
2021-09-28T20:10:54.810109-05:00 - original size:320000000
2021-09-28T20:10:54.810158-05:00 - compressed size:120000009
2021-09-28T20:15:29.203519-05:00 - input args["target/release/comp_profiler", "/Users/chunwei/research/TimeSeriesDB/UCRArchive2018/Kernel/randomwalkdatasample1k-40k", "scaled-slice", "10000", "1.1509"]
2021-09-28T20:15:34.232036-05:00 - min value:-50669
2021-09-28T20:15:34.403182-05:00 - 10th vec: 55217,56726,61846,61933
2021-09-28T20:15:34.403298-05:00 - Number of bits: 18
2021-09-28T20:15:34.403314-05:00 - 10th vec: 55217,56726,61846,61933
2021-09-28T20:15:34.709344-05:00 - original size:320000000
2021-09-28T20:15:34.709402-05:00 - compressed size:120000009
2021-09-28T20:18:20.836670-05:00 - input args["target/release/comp_profiler", "/Users/chunwei/research/TimeSeriesDB/UCRArchive2018/Kernel/randomwalkdatasample1k-40k", "scaled-slice", "10000", "1.1509"]
2021-09-28T20:18:24.344716-05:00 - min value:-50669
2021-09-28T20:18:24.480765-05:00 - 10th vec: 55217,56726,61846,61933
2021-09-28T20:18:24.480956-05:00 - Number of bits: 18
2021-09-28T20:18:24.480973-05:00 - 10th vec: 55217,56726,61846,61933
2021-09-28T20:18:24.799707-05:00 - original size:320000000
2021-09-28T20:18:24.799761-05:00 - compressed size:120000009
2021-09-28T20:22:01.207789-05:00 - input args["target/release/comp_profiler", "/Users/chunwei/research/TimeSeriesDB/UCRArchive2018/Kernel/randomwalkdatasample1k-40k", "scaled-slice", "10000", "1.1509"]
2021-09-28T20:22:04.643201-05:00 - min value:-50669
2021-09-28T20:22:04.962113-05:00 - 10th vec: 55217,56726,61846,61933
2021-09-28T20:22:04.962264-05:00 - Number of bits: 18
2021-09-28T20:22:04.962380-05:00 - 10th vec: 55217,56726,61846,61933
2021-09-28T20:22:05.382821-05:00 - original size:320000000
2021-09-28T20:22:05.382877-05:00 - compressed size:120000009
2021-09-28T20:32:48.572320-05:00 - input args["target/release/comp_profiler", "/Users/chunwei/research/TimeSeriesDB/UCRArchive2018/Kernel/randomwalkdatasample1k-40k", "scaled-slice", "10000", "1.1509"]
2021-09-28T20:32:51.967442-05:00 - min value:-50669
2021-09-28T20:32:52.230170-05:00 - 10th vec: 55217,56726,61846,61933
2021-09-28T20:32:52.230283-05:00 - Number of bits: 18
2021-09-28T20:32:52.230298-05:00 - 10th vec: 55217,56726,61846,61933
2021-09-28T20:32:52.696814-05:00 - original size:320000000
2021-09-28T20:32:52.696875-05:00 - compressed size:120000009
2021-09-28T21:11:24.312243-05:00 - input args["target/release/comp_profiler", "/Users/chunwei/research/TimeSeriesDB/UCRArchive2018/Kernel/randomwalkdatasample1k-40k", "scaled-slice", "10000", "1.1509"]
2021-09-28T21:11:29.174687-05:00 - min value:-50669
2021-09-28T21:11:29.695122-05:00 - 10th vec: 55217,56726,61846,61933
2021-09-28T21:11:29.695282-05:00 - Number of bits: 18
2021-09-28T21:11:29.695308-05:00 - 10th vec: 55217,56726,61846,61933
2021-09-28T21:11:30.753820-05:00 - original size:320000000
2021-09-28T21:11:30.755303-05:00 - compressed size:120000009
2021-09-28T21:18:00.752922-05:00 - input args["target/release/comp_profiler", "/Users/chunwei/research/TimeSeriesDB/UCRArchive2018/Kernel/randomwalkdatasample1k-40k", "scaled-slice", "10000", "1.1509"]
2021-09-28T21:18:04.015501-05:00 - min value:-50669
2021-09-28T21:18:04.155205-05:00 - 10th vec: 55217,56726,61846,61933
2021-09-28T21:18:04.155323-05:00 - Number of bits: 18
2021-09-28T21:18:04.155338-05:00 - 10th vec: 55217,56726,61846,61933
2021-09-28T21:18:04.490790-05:00 - original size:320000000
2021-09-28T21:18:04.490839-05:00 - compressed size:120000009
2021-09-28T21:23:19.867549-05:00 - input args["target/release/comp_profiler", "/Users/chunwei/research/TimeSeriesDB/UCRArchive2018/Kernel/randomwalkdatasample1k-40k", "scaled-slice", "10000", "1.1509"]
2021-09-28T21:23:23.583581-05:00 - min value:-50669
2021-09-28T21:23:23.998143-05:00 - 10th vec: 55217,56726,61846,61933
2021-09-28T21:23:23.998295-05:00 - Number of bits: 18
2021-09-28T21:23:23.998317-05:00 - 10th vec: 55217,56726,61846,61933
2021-09-28T21:23:24.450662-05:00 - original size:320000000
2021-09-28T21:23:24.452271-05:00 - compressed size:120000009
2021-09-28T21:58:07.962326-05:00 - input args["target/release/comp_profiler", "/Users/chunwei/research/TimeSeriesDB/UCRArchive2018/Kernel/randomwalkdatasample1k-40k", "scaled-slice", "10000", "1.1509"]
2021-09-28T21:58:12.679306-05:00 - min value:-50669
2021-09-28T21:58:13.437913-05:00 - 10th vec: 55217,56726,61846,61933
2021-09-28T21:58:13.438166-05:00 - Number of bits: 18
2021-09-28T21:58:13.438196-05:00 - 10th vec: 55217,56726,61846,61933
2021-09-28T21:58:14.300793-05:00 - original size:320000000
2021-09-28T21:58:14.300927-05:00 - compressed size:120000009
2021-10-04T16:03:22.409674-05:00 - input args["target/release/comp_profiler", "/Users/chunwei/research/TimeSeriesDB/UCRArchive2018/Kernel/randomwalkdatasample1k-40k", "scaled-slice", "10000", "1.1509"]
2021-10-04T16:03:26.089255-05:00 - min value:-50669
2021-10-04T16:03:26.249153-05:00 - 10th vec: 55217,56726,61846,61933
2021-10-04T16:03:26.249274-05:00 - Number of bits: 18
2021-10-04T16:03:26.249291-05:00 - 10th vec: 55217,56726,61846,61933
2021-10-04T16:03:26.612884-05:00 - original size:320000000
2021-10-04T16:03:26.612946-05:00 - compressed size:120000009
2021-10-04T16:05:17.914038-05:00 - input args["target/release/comp_profiler", "/Users/chunwei/research/TimeSeriesDB/UCRArchive2018/Kernel/randomwalkdatasample1k-40k", "scaled-slice", "10000", "1.1509"]
2021-10-04T16:05:21.455227-05:00 - min value:-50669
2021-10-04T16:05:21.614697-05:00 - 10th vec: 55217,56726,61846,61933
2021-10-04T16:05:21.614939-05:00 - Number of bits: 18
2021-10-04T16:05:21.614960-05:00 - 10th vec: 55217,56726,61846,61933
2021-10-04T16:05:22.033045-05:00 - original size:320000000
2021-10-04T16:05:22.033090-05:00 - compressed size:120000009
2021-10-04T20:26:58.046252-05:00 - input args["target/release/comp_profiler", "/Users/chunwei/research/TimeSeriesDB/UCRArchive2018/Kernel/randomwalkdatasample1k-40k", "scaled-slice", "10000", "1.1509"]
2021-10-04T20:27:01.604642-05:00 - min value:-50669
2021-10-04T20:27:01.994010-05:00 - 10th vec: 55217,56726,61846,61933
2021-10-04T20:27:01.996735-05:00 - Number of bits: 18
2021-10-04T20:27:01.996760-05:00 - 10th vec: 55217,56726,61846,61933
2021-10-04T20:27:02.355218-05:00 - original size:320000000
2021-10-04T20:27:02.355279-05:00 - compressed size:120000009
2021-10-04T20:33:13.782344-05:00 - input args["target/release/comp_profiler", "/Users/chunwei/research/TimeSeriesDB/UCRArchive2018/Kernel/randomwalkdatasample1k-40k", "scaled-slice", "10000", "1.1509"]
2021-10-04T20:33:17.514045-05:00 - min value:-50669
2021-10-04T20:33:17.805630-05:00 - 10th vec: 55217,56726,61846,61933
2021-10-04T20:33:17.805743-05:00 - Number of bits: 18
2021-10-04T20:33:17.805758-05:00 - 10th vec: 55217,56726,61846,61933
2021-10-04T20:33:18.200572-05:00 - original size:320000000
2021-10-04T20:33:18.200625-05:00 - compressed size:120000009
2021-10-04T20:36:29.379075-05:00 - input args["target/release/comp_profiler", "/Users/chunwei/research/TimeSeriesDB/UCRArchive2018/Kernel/randomwalkdatasample1k-40k", "scaled-slice", "10000", "1.1509"]
2021-10-04T20:36:32.191881-05:00 - min value:-50669
2021-10-04T20:36:32.328899-05:00 - 10th vec: 55217,56726,61846,61933
2021-10-04T20:36:32.329006-05:00 - Number of bits: 18
2021-10-04T20:36:32.329022-05:00 - 10th vec: 55217,56726,61846,61933
2021-10-04T20:36:32.622833-05:00 - original size:320000000
2021-10-04T20:36:32.622890-05:00 - compressed size:120000009
2021-10-04T20:40:15.600344-05:00 - input args["target/release/comp_profiler", "/Users/chunwei/research/TimeSeriesDB/UCRArchive2018/Kernel/randomwalkdatasample1k-40k", "scaled-slice", "10000", "1.1509"]
2021-10-04T20:40:42.326696-05:00 - input args["target/release/comp_profiler", "/Users/chunwei/research/TimeSeriesDB/UCRArchive2018/Kernel/randomwalkdatasample1k-40k", "buff", "10000", "1.1509"]
2021-10-04T20:40:46.760366-05:00 - original size:320000000
2021-10-04T20:40:46.760496-05:00 - compressed size:100000020
2021-10-04T21:09:49.870961-05:00 - input args["target/release/comp_profiler", "/Users/chunwei/research/TimeSeriesDB/UCRArchive2018/Kernel/randomwalkdatasample1k-40k", "buff", "10000", "1.1509"]
2021-10-04T21:09:54.458270-05:00 - original size:320000000
2021-10-04T21:09:54.458383-05:00 - compressed size:100000020
2021-10-04T21:11:20.983789-05:00 - input args["target/release/comp_profiler", "/Users/chunwei/research/TimeSeriesDB/UCRArchive2018/Kernel/randomwalkdatasample1k-40k", "buff", "10000", "1.1509"]
2021-10-04T21:11:25.114578-05:00 - original size:320000000
2021-10-04T21:11:25.114657-05:00 - compressed size:100000020
2021-10-04T21:11:30.536419-05:00 - input args["target/release/comp_profiler", "/Users/chunwei/research/TimeSeriesDB/UCRArchive2018/Kernel/randomwalkdatasample1k-40k", "buff", "10000", "1.1509"]
2021-10-04T21:11:35.268779-05:00 - original size:320000000
2021-10-04T21:11:35.268834-05:00 - compressed size:100000020
2021-10-04T21:12:55.191090-05:00 - input args["target/release/comp_profiler", "/Users/chunwei/research/TimeSeriesDB/UCRArchive2018/Kernel/randomwalkdatasample1k-40k", "buff", "10000", "1.1509"]
2021-10-04T21:12:58.935911-05:00 - original size:320000000
2021-10-04T21:12:58.935972-05:00 - compressed size:100000020
2021-10-04T21:22:55.159485-05:00 - input args["target/release/comp_profiler", "/Users/chunwei/research/TimeSeriesDB/UCRArchive2018/Kernel/randomwalkdatasample1k-40k", "buff", "10000", "1.1509"]
2021-10-04T21:23:00.654224-05:00 - original size:320000000
2021-10-04T21:23:00.654340-05:00 - compressed size:100000020
2021-10-04T21:26:50.090467-05:00 - input args["target/release/comp_profiler", "/Users/chunwei/research/TimeSeriesDB/UCRArchive2018/Kernel/randomwalkdatasample1k-40k", "buff", "10000", "1.1509"]
2021-10-04T21:26:54.880303-05:00 - original size:320000000
2021-10-04T21:26:54.880446-05:00 - compressed size:100000020
2021-10-04T21:31:58.634748-05:00 - input args["target/release/comp_profiler", "/Users/chunwei/research/TimeSeriesDB/UCRArchive2018/Kernel/randomwalkdatasample1k-40k", "buff", "10000", "1.1509"]
2021-10-04T21:32:05.211721-05:00 - original size:320000000
2021-10-04T21:32:05.212152-05:00 - compressed size:100000020
2021-10-04T21:32:14.103291-05:00 - input args["target/release/comp_profiler", "/Users/chunwei/research/TimeSeriesDB/UCRArchive2018/Kernel/randomwalkdatasample1k-40k", "buff", "10000", "1.1509"]
2021-10-04T21:32:17.969621-05:00 - original size:320000000
2021-10-04T21:32:17.969676-05:00 - compressed size:100000020
2021-10-04T21:32:29.894941-05:00 - input args["target/release/comp_profiler", "/Users/chunwei/research/TimeSeriesDB/UCRArchive2018/Kernel/randomwalkdatasample1k-40k", "buff", "10000", "1.1509"]
2021-10-04T21:32:33.521871-05:00 - original size:320000000
2021-10-04T21:32:33.521918-05:00 - compressed size:100000020
